<?xml version="1.0" encoding="UTF-8"?>
<!-- Generated by org.testng.reporters.JUnitXMLReporter -->
<testsuite ignored="0" hostname="DESKTOP-8CBT80G" failures="1" tests="13" name="DemoApp Tests" time="135.552" errors="0" timestamp="2023-12-11T13:50:40 IST">
  <testcase classname="com.demoapp.qa.testcases.RegisterTest" name="registerAccountWithMandatoryFields" time="2.362"/>
  <testcase classname="com.demoapp.qa.testcases.RegisterTest" name="registerAccountWithAllFields" time="1.811"/>
  <testcase classname="com.demoapp.qa.testcases.RegisterTest" name="registerAccountWithExistingEmail" time="1.513"/>
  <testcase classname="com.demoapp.qa.testcases.RegisterTest" name="registerAccountWithoutFillingAnyFields" time="0.637"/>
  <testcase classname="com.demoapp.qa.testcases.SearchTest" name="searchWithValidProduct" time="1.607"/>
  <testcase classname="com.demoapp.qa.testcases.SearchTest" name="searchWithInValidProduct" time="1.279">
    <failure type="java.lang.AssertionError" message="Warning message not displayed expected [true] but found [false]">
      <![CDATA[java.lang.AssertionError: Warning message not displayed expected [true] but found [false]
at com.demoapp.qa.testcases.SearchTest.searchWithInValidProduct(SearchTest.java:47)
at java.base/java.util.ArrayList.forEach(ArrayList.java:1511)
... Removed 30 stack frames]]>
    </failure>
  </testcase> <!-- searchWithInValidProduct -->
  <testcase classname="com.demoapp.qa.testcases.SearchTest" name="searchWithBlankValue" time="0.0">
    <skipped/>
  </testcase> <!-- searchWithBlankValue -->
  <testcase classname="com.demoapp.qa.testcases.LoginTest" name="loginWithValidCredentials" time="1.069"/>
  <testcase classname="com.demoapp.qa.testcases.LoginTest" name="loginWithValidCredentials" time="1.166"/>
  <testcase classname="com.demoapp.qa.testcases.LoginTest" name="loginWithInvalidCredentials" time="0.782"/>
  <testcase classname="com.demoapp.qa.testcases.LoginTest" name="loginWithInvalidEmailAndValidPass" time="0.799"/>
  <testcase classname="com.demoapp.qa.testcases.LoginTest" name="loginWithValidEmailAndInvalidPass" time="0.733"/>
  <testcase classname="com.demoapp.qa.testcases.LoginTest" name="loginWithoutCredentials" time="0.657"/>
</testsuite> <!-- DemoApp Tests -->
