<?xml version="1.0" encoding="UTF-8"?>
<!-- Generated by org.testng.reporters.JUnitXMLReporter -->
<testsuite ignored="0" hostname="DESKTOP-8CBT80G" failures="0" tests="6" name="Default test" time="53.09" errors="0" timestamp="2023-12-10T13:05:14 IST">
  <testcase classname="com.demoapp.qa.testcases.Login" name="loginWithValidCredentials" time="0.967"/>
  <testcase classname="com.demoapp.qa.testcases.Login" name="loginWithValidCredentials" time="0.915"/>
  <testcase classname="com.demoapp.qa.testcases.Login" name="loginWithInvalidCredentials" time="0.676"/>
  <testcase classname="com.demoapp.qa.testcases.Login" name="loginWithInvalidEmailAndValidPass" time="0.672"/>
  <testcase classname="com.demoapp.qa.testcases.Login" name="loginWithValidEmailAndInvalidPass" time="0.719"/>
  <testcase classname="com.demoapp.qa.testcases.Login" name="loginWithoutCredentials" time="0.648"/>
</testsuite> <!-- Default test -->
